2026-05-15 11:55:34,408 - MainThread - vulcan.core.console - WARNING - Linter warnings for /workspace/models/seed_model.sql:
 - Line 1: nomissingaudits - Model `assertions` must be configured to test data quality. (console.py:2353)
2026-05-15 11:55:34,413 - MainThread - vulcan.core.config.connection - INFO - Creating new DuckDB adapter for in-memory database (connection.py:515)
2026-05-15 11:55:36,782 - MainThread - vulcan.core.plan.evaluator - INFO - Evaluating plan stage CreateSnapshotRecordsStage (evaluator.py:125)
2026-05-15 11:55:36,802 - MainThread - vulcan.core.plan.evaluator - INFO - Evaluating plan stage PhysicalLayerSchemaCreationStage (evaluator.py:125)
2026-05-15 11:55:36,802 - ThreadPoolExecutor-1_0 - vulcan.core.snapshot.evaluator - INFO - Creating schema '"warehouse"."vulcan_example"' (evaluator.py:1449)
2026-05-15 11:55:36,805 - ThreadPoolExecutor-1_0 - vulcan.core.engine_adapter.base - INFO - Executing SQL: /* VULCAN_PLAN[orders-analytics]: 90e2f6ad46c942f9bbed638ab8b0179e */ CREATE SCHEMA IF NOT EXISTS "vulcan_example" (base.py:2634)
2026-05-15 11:55:36,806 - MainThread - vulcan.core.plan.evaluator - INFO - Evaluating plan stage BackfillStage (evaluator.py:125)
2026-05-15 11:55:36,825 - ThreadPoolExecutor-2_0 - vulcan.core.snapshot.evaluator - INFO - Listing data objects in schema warehouse.vulcan_example (evaluator.py:1616)
2026-05-15 11:55:36,827 - ThreadPoolExecutor-2_0 - vulcan.core.engine_adapter.base - INFO - Executing SQL: /* VULCAN_PLAN[orders-analytics]: 90e2f6ad46c942f9bbed638ab8b0179e */ SELECT current_catalog (base.py:2634)
2026-05-15 11:55:36,839 - ThreadPoolExecutor-3_0 - vulcan.core.snapshot.evaluator - INFO - Evaluating snapshot SnapshotId<"warehouse"."vulcan_example"."seed_model": 3671483220> (evaluator.py:711)
2026-05-15 11:55:36,843 - ThreadPoolExecutor-3_0 - vulcan.core.snapshot.evaluator - INFO - Creating table '"warehouse"."vulcan_example"."seed_model"' (evaluator.py:2042)
2026-05-15 11:55:36,843 - ThreadPoolExecutor-3_0 - vulcan.core.engine_adapter.base - INFO - Executing SQL: /* VULCAN_PLAN[orders-analytics]: 90e2f6ad46c942f9bbed638ab8b0179e */ CREATE TABLE IF NOT EXISTS "vulcan_example"."seed_model" ("id" INT, "item_id" INT, "event_date" DATE) (base.py:2634)
2026-05-15 11:55:36,847 - ThreadPoolExecutor-3_0 - vulcan.core.engine_adapter.base - INFO - Executing SQL: /* VULCAN_PLAN[orders-analytics]: 90e2f6ad46c942f9bbed638ab8b0179e */ SELECT current_catalog (base.py:2634)
2026-05-15 11:55:36,855 - ThreadPoolExecutor-3_0 - vulcan.core.engine_adapter.base - INFO - Executing SQL: /* VULCAN_PLAN[orders-analytics]: 90e2f6ad46c942f9bbed638ab8b0179e */ DELETE FROM "vulcan_example"."seed_model" WHERE TRUE (base.py:2634)
2026-05-15 11:55:36,857 - ThreadPoolExecutor-3_0 - vulcan.core.engine_adapter.base - INFO - Executing SQL: INSERT INTO "vulcan_example"."seed_model" ("id", "item_id", "event_date") SELECT CAST("id" AS INT) AS "id", CAST("item_id" AS INT) AS "item_id", CAST("event_date" AS DATE) AS "event_date" FROM (VALUES "<REDACTED VALUES>") AS "t"("id", "item_id", "event_date") (base.py:2634)
2026-05-15 11:55:36,864 - ThreadPoolExecutor-3_0 - vulcan.core.state_sync.db.facade - INFO - Adding interval (2025-01-01 00:00:00, 2026-05-15 11:45:00) for snapshot SnapshotId<"warehouse"."vulcan_example"."seed_model": 3671483220> (facade.py:871)
2026-05-15 11:55:36,864 - ThreadPoolExecutor-3_0 - vulcan.core.state_sync.db.interval - INFO - Pushing intervals for snapshot SnapshotId<"warehouse"."vulcan_example"."seed_model": 3671483220> (interval.py:215)
2026-05-15 11:55:36,875 - MainThread - vulcan.core.plan.evaluator - INFO - Evaluating plan stage EnvironmentRecordUpdateStage (evaluator.py:125)
2026-05-15 11:55:36,877 - MainThread - vulcan.core.state_sync.db.facade - INFO - Promoting environment 'prod' (facade.py:191)
2026-05-15 11:55:36,887 - MainThread - vulcan.core.plan.evaluator - INFO - Evaluating plan stage MigrateSchemasStage (evaluator.py:125)
2026-05-15 11:55:36,888 - ThreadPoolExecutor-4_0 - vulcan.core.snapshot.evaluator - INFO - Listing data objects in schema warehouse.vulcan_example (evaluator.py:1616)
2026-05-15 11:55:36,890 - ThreadPoolExecutor-4_0 - vulcan.core.engine_adapter.base - INFO - Executing SQL: /* VULCAN_PLAN[orders-analytics]: 90e2f6ad46c942f9bbed638ab8b0179e */ SELECT current_catalog (base.py:2634)
2026-05-15 11:55:36,902 - MainThread - vulcan.core.plan.evaluator - INFO - Evaluating plan stage UnpauseStage (evaluator.py:125)
2026-05-15 11:55:36,907 - MainThread - vulcan.core.plan.evaluator - INFO - Evaluating plan stage BackfillStage (evaluator.py:125)
2026-05-15 11:55:36,910 - ThreadPoolExecutor-5_0 - vulcan.core.snapshot.evaluator - INFO - Listing data objects in schema warehouse.vulcan_example (evaluator.py:1616)
2026-05-15 11:55:36,911 - ThreadPoolExecutor-6_0 - vulcan.core.snapshot.evaluator - INFO - Creating a physical table for snapshot SnapshotId<"warehouse"."vulcan_example"."incremental_model": 2714750476> (evaluator.py:870)
2026-05-15 11:55:36,925 - ThreadPoolExecutor-6_0 - vulcan.core.snapshot.evaluator - INFO - Creating table '"warehouse"."vulcan_example"."incremental_model"' (evaluator.py:2042)
2026-05-15 11:55:36,927 - ThreadPoolExecutor-6_0 - vulcan.core.engine_adapter.base - INFO - Executing SQL: /* VULCAN_PLAN[orders-analytics]: 90e2f6ad46c942f9bbed638ab8b0179e */ CREATE TABLE IF NOT EXISTS "vulcan_example"."incremental_model" ("id" INT, "item_id" INT, "event_date" DATE) (base.py:2634)
2026-05-15 11:55:36,929 - ThreadPoolExecutor-6_0 - vulcan.core.snapshot.evaluator - INFO - Dry running model 'vulcan_example.incremental_model' (evaluator.py:2064)
2026-05-15 11:55:36,930 - ThreadPoolExecutor-6_0 - vulcan.core.engine_adapter.base - INFO - Executing SQL: /* VULCAN_PLAN[orders-analytics]: 90e2f6ad46c942f9bbed638ab8b0179e */ SELECT "seed_model"."id" AS "id", "seed_model"."item_id" AS "item_id", "seed_model"."event_date" AS "event_date" FROM "warehouse"."vulcan_example"."seed_model" AS "seed_model" WHERE ("seed_model"."event_date" <= CAST('1970-01-01' AS DATE) AND "seed_model"."event_date" >= CAST('1970-01-01' AS DATE)) AND FALSE LIMIT 0 (base.py:2634)
2026-05-15 11:55:36,932 - ThreadPoolExecutor-6_1 - vulcan.core.snapshot.evaluator - INFO - Evaluating snapshot SnapshotId<"warehouse"."vulcan_example"."incremental_model": 2714750476> (evaluator.py:711)
2026-05-15 11:55:36,934 - ThreadPoolExecutor-6_1 - vulcan.core.snapshot.evaluator - INFO - Inserting data for snapshot SnapshotId<"warehouse"."vulcan_example"."incremental_model": 2714750476> (evaluator.py:952)
2026-05-15 11:55:36,940 - ThreadPoolExecutor-6_1 - vulcan.core.snapshot.evaluator - INFO - Inserting batch (2020-01-01 00:00:00, 2026-05-15 00:00:00) into "warehouse"."vulcan_example"."incremental_model"' (evaluator.py:984)
2026-05-15 11:55:36,942 - ThreadPoolExecutor-6_1 - vulcan.core.engine_adapter.base - INFO - Executing SQL: /* VULCAN_PLAN[orders-analytics]: 90e2f6ad46c942f9bbed638ab8b0179e */ DELETE FROM "vulcan_example"."incremental_model" WHERE "event_date" BETWEEN CAST('2020-01-01' AS DATE) AND CAST('2026-05-14' AS DATE) (base.py:2634)
2026-05-15 11:55:36,944 - ThreadPoolExecutor-6_1 - vulcan.core.engine_adapter.base - INFO - Executing SQL: /* VULCAN_PLAN[orders-analytics]: 90e2f6ad46c942f9bbed638ab8b0179e */ INSERT INTO "vulcan_example"."incremental_model" ("id", "item_id", "event_date") SELECT "id", "item_id", "event_date" FROM (SELECT "seed_model"."id" AS "id", "seed_model"."item_id" AS "item_id", "seed_model"."event_date" AS "event_date" FROM "warehouse"."vulcan_example"."seed_model" AS "seed_model" WHERE "seed_model"."event_date" <= CAST('2026-05-14' AS DATE) AND "seed_model"."event_date" >= CAST('2020-01-01' AS DATE)) AS "_subquery" WHERE "event_date" BETWEEN CAST('2020-01-01' AS DATE) AND CAST('2026-05-14' AS DATE) (base.py:2634)
2026-05-15 11:55:36,945 - ThreadPoolExecutor-6_1 - vulcan.core.snapshot.evaluator - INFO - Auditing snapshot SnapshotId<"warehouse"."vulcan_example"."incremental_model": 2714750476> (evaluator.py:603)
2026-05-15 11:55:36,948 - ThreadPoolExecutor-6_1 - vulcan.core.engine_adapter.base - INFO - Executing SQL: /* VULCAN_PLAN[orders-analytics]: 90e2f6ad46c942f9bbed638ab8b0179e */ SELECT "attname" AS "column_name", "pg_catalog".format_type("atttypid", "atttypmod") AS "data_type" FROM "pg_catalog"."pg_attribute" JOIN "pg_catalog"."pg_class" ON "pg_class"."oid" = "attrelid" JOIN "pg_catalog"."pg_namespace" ON "pg_namespace"."oid" = "relnamespace" WHERE ("attnum" > 0 AND NOT "attisdropped" AND "relname" = 'incremental_model') AND "nspname" = 'vulcan_example' (base.py:2634)
2026-05-15 11:55:36,960 - ThreadPoolExecutor-6_1 - vulcan.core.engine_adapter.base - INFO - Executing SQL: /* VULCAN_PLAN[orders-analytics]: 90e2f6ad46c942f9bbed638ab8b0179e */ SELECT COUNT(*) FROM (SELECT * FROM (SELECT * FROM "warehouse"."vulcan_example"."incremental_model" AS "incremental_model" WHERE "event_date" BETWEEN CAST('2020-01-01' AS DATE) AND CAST('2026-05-14' AS DATE)) AS "_q_0" WHERE ("id" IS NULL OR "item_id" IS NULL OR "event_date" IS NULL) AND TRUE) AS "audit" (base.py:2634)
2026-05-15 11:55:36,965 - ThreadPoolExecutor-6_1 - vulcan.core.engine_adapter.base - INFO - Executing SQL: /* VULCAN_PLAN[orders-analytics]: 90e2f6ad46c942f9bbed638ab8b0179e */ SELECT "attname" AS "column_name", "pg_catalog".format_type("atttypid", "atttypmod") AS "data_type" FROM "pg_catalog"."pg_attribute" JOIN "pg_catalog"."pg_class" ON "pg_class"."oid" = "attrelid" JOIN "pg_catalog"."pg_namespace" ON "pg_namespace"."oid" = "relnamespace" WHERE ("attnum" > 0 AND NOT "attisdropped" AND "relname" = 'incremental_model') AND "nspname" = 'vulcan_example' (base.py:2634)
2026-05-15 11:55:36,980 - ThreadPoolExecutor-6_1 - vulcan.core.engine_adapter.base - INFO - Executing SQL: /* VULCAN_PLAN[orders-analytics]: 90e2f6ad46c942f9bbed638ab8b0179e */ SELECT COUNT(*) FROM (SELECT * FROM (SELECT ROW_NUMBER() OVER (PARTITION BY "id" ORDER BY "id" NULLS FIRST) AS "rank_id", ROW_NUMBER() OVER (PARTITION BY "event_date" ORDER BY "event_date" NULLS FIRST) AS "rank_event_date" FROM (SELECT * FROM "warehouse"."vulcan_example"."incremental_model" AS "incremental_model" WHERE "event_date" BETWEEN CAST('2020-01-01' AS DATE) AND CAST('2026-05-14' AS DATE)) AS "_q_0" WHERE TRUE) AS "_q_1" WHERE "rank_id" > 1 OR "rank_event_date" > 1) AS "audit" (base.py:2634)
2026-05-15 11:55:36,985 - ThreadPoolExecutor-6_1 - vulcan.core.state_sync.db.facade - INFO - Adding interval (2020-01-01 00:00:00, 2026-05-15 00:00:00) for snapshot SnapshotId<"warehouse"."vulcan_example"."incremental_model": 2714750476> (facade.py:871)
2026-05-15 11:55:36,985 - ThreadPoolExecutor-6_1 - vulcan.core.state_sync.db.interval - INFO - Pushing intervals for snapshot SnapshotId<"warehouse"."vulcan_example"."incremental_model": 2714750476> (interval.py:215)
2026-05-15 11:55:36,993 - ThreadPoolExecutor-6_1 - vulcan.core.snapshot.evaluator - INFO - Evaluating snapshot SnapshotId<"warehouse"."vulcan_example"."full_model": 1248767289> (evaluator.py:711)
2026-05-15 11:55:36,993 - ThreadPoolExecutor-6_1 - vulcan.core.snapshot.evaluator - INFO - Inserting data for snapshot SnapshotId<"warehouse"."vulcan_example"."full_model": 1248767289> (evaluator.py:952)
2026-05-15 11:55:36,997 - ThreadPoolExecutor-6_1 - vulcan.core.snapshot.evaluator - INFO - Inserting batch (2025-01-01 00:00:00, 2026-05-15 00:00:00) into "warehouse"."vulcan_example"."full_model"' (evaluator.py:984)
2026-05-15 11:55:36,998 - ThreadPoolExecutor-6_1 - vulcan.core.engine_adapter.base - INFO - Executing SQL: /* VULCAN_PLAN[orders-analytics]: 90e2f6ad46c942f9bbed638ab8b0179e */ CREATE TABLE IF NOT EXISTS "vulcan_example"."full_model" AS SELECT CAST("item_id" AS INT) AS "item_id", CAST("num_orders" AS BIGINT) AS "num_orders" FROM (SELECT "incremental_model"."item_id" AS "item_id", COUNT(DISTINCT "incremental_model"."id") AS "num_orders" FROM "warehouse"."vulcan_example"."incremental_model" AS "incremental_model" GROUP BY "incremental_model"."item_id") AS "_subquery" (base.py:2634)
2026-05-15 11:55:37,002 - ThreadPoolExecutor-6_1 - vulcan.core.engine_adapter.base - INFO - Executing SQL: /* VULCAN_PLAN[orders-analytics]: 90e2f6ad46c942f9bbed638ab8b0179e */ COMMENT ON TABLE "vulcan_example"."full_model" IS 'Example full model with aggregated order counts by item' (base.py:2634)
2026-05-15 11:55:37,003 - ThreadPoolExecutor-6_1 - vulcan.core.snapshot.evaluator - INFO - Auditing snapshot SnapshotId<"warehouse"."vulcan_example"."full_model": 1248767289> (evaluator.py:603)
2026-05-15 11:55:37,010 - ThreadPoolExecutor-6_1 - vulcan.core.engine_adapter.base - INFO - Executing SQL: /* VULCAN_PLAN[orders-analytics]: 90e2f6ad46c942f9bbed638ab8b0179e */ SELECT "attname" AS "column_name", "pg_catalog".format_type("atttypid", "atttypmod") AS "data_type" FROM "pg_catalog"."pg_attribute" JOIN "pg_catalog"."pg_class" ON "pg_class"."oid" = "attrelid" JOIN "pg_catalog"."pg_namespace" ON "pg_namespace"."oid" = "relnamespace" WHERE ("attnum" > 0 AND NOT "attisdropped" AND "relname" = 'full_model') AND "nspname" = 'vulcan_example' (base.py:2634)
2026-05-15 11:55:37,020 - ThreadPoolExecutor-6_1 - vulcan.core.engine_adapter.base - INFO - Executing SQL: /* VULCAN_PLAN[orders-analytics]: 90e2f6ad46c942f9bbed638ab8b0179e */ SELECT COUNT(*) FROM (SELECT * FROM "warehouse"."vulcan_example"."full_model" AS "full_model" WHERE "item_id" IS NULL AND TRUE) AS "audit" (base.py:2634)
2026-05-15 11:55:37,023 - ThreadPoolExecutor-6_1 - vulcan.core.engine_adapter.base - INFO - Executing SQL: /* VULCAN_PLAN[orders-analytics]: 90e2f6ad46c942f9bbed638ab8b0179e */ SELECT "attname" AS "column_name", "pg_catalog".format_type("atttypid", "atttypmod") AS "data_type" FROM "pg_catalog"."pg_attribute" JOIN "pg_catalog"."pg_class" ON "pg_class"."oid" = "attrelid" JOIN "pg_catalog"."pg_namespace" ON "pg_namespace"."oid" = "relnamespace" WHERE ("attnum" > 0 AND NOT "attisdropped" AND "relname" = 'full_model') AND "nspname" = 'vulcan_example' (base.py:2634)
2026-05-15 11:55:37,035 - ThreadPoolExecutor-6_1 - vulcan.core.engine_adapter.base - INFO - Executing SQL: /* VULCAN_PLAN[orders-analytics]: 90e2f6ad46c942f9bbed638ab8b0179e */ SELECT COUNT(*) FROM (SELECT * FROM "warehouse"."vulcan_example"."full_model" AS "full_model" WHERE NOT ("item_id" > 0) AND TRUE) AS "audit" (base.py:2634)
2026-05-15 11:55:37,038 - ThreadPoolExecutor-6_1 - vulcan.core.state_sync.db.facade - INFO - Adding interval (2025-01-01 00:00:00, 2026-05-15 00:00:00) for snapshot SnapshotId<"warehouse"."vulcan_example"."full_model": 1248767289> (facade.py:871)
2026-05-15 11:55:37,038 - ThreadPoolExecutor-6_1 - vulcan.core.state_sync.db.interval - INFO - Pushing intervals for snapshot SnapshotId<"warehouse"."vulcan_example"."full_model": 1248767289> (interval.py:215)
2026-05-15 11:55:37,053 - MainThread - vulcan.core.plan.evaluator - INFO - Evaluating plan stage FinalizeEnvironmentStage (evaluator.py:125)
2026-05-15 11:55:37,062 - MainThread - vulcan.core.state_sync.db.environment - INFO - Finalizing environment 'prod' (environment.py:141)
2026-05-15 11:55:37,172 - MainThread - vulcan.core.context - INFO - Recorded run activity for 3 models (context.py:2209)
2026-05-15 11:55:37,214 - MainThread - vulcan.core.check.executor - INFO - Running quality scans in 1 batch(es): {('warehouse', 'vulcan_example')} (executor.py:531)
2026-05-15 11:55:37,214 - MainThread - vulcan.core.check.executor - INFO - Running quality batch 1/1 for warehouse.vulcan_example (2 check suites, 0 profile models) (executor.py:550)
2026-05-15 11:55:37,247 - MainThread - vulcan.core.check.soda_statesync - INFO - Extracted 1 failed row sample(s) from scan context (soda_statesync.py:160)
2026-05-15 11:55:37,265 - MainThread - vulcan.core.state_sync.db.quality - INFO - Stored check scan 57ed56e8-a259-4862-9e2a-f3b9cd3567cc, run 3abbf30e3a14413e93df53a17c156895: 3 checks, 3 metrics, 0 profile metrics (quality.py:150)
