2026-05-15 10:34:03,107 - MainThread - vulcan.core.console - WARNING - Linter warnings for /workspace/models/seed_model.sql:
 - Line 1: nomissingaudits - Model `assertions` must be configured to test data quality. (console.py:2353)
2026-05-15 10:34:03,110 - MainThread - vulcan.core.config.connection - INFO - Creating new DuckDB adapter for in-memory database (connection.py:515)
2026-05-15 10:34:06,395 - MainThread - vulcan.core.plan.evaluator - INFO - Evaluating plan stage CreateSnapshotRecordsStage (evaluator.py:125)
2026-05-15 10:34:06,435 - MainThread - vulcan.core.plan.evaluator - INFO - Evaluating plan stage PhysicalLayerSchemaCreationStage (evaluator.py:125)
2026-05-15 10:34:06,436 - ThreadPoolExecutor-1_0 - vulcan.core.snapshot.evaluator - INFO - Creating schema '"warehouse"."vulcan_example"' (evaluator.py:1449)
2026-05-15 10:34:06,440 - ThreadPoolExecutor-1_0 - vulcan.core.engine_adapter.base - INFO - Executing SQL: /* VULCAN_PLAN[orders-analytics]: 9cb8042fe4f54ce48af45e836a62fa37 */ CREATE SCHEMA IF NOT EXISTS "vulcan_example" (base.py:2758)
2026-05-15 10:34:06,444 - MainThread - vulcan.core.plan.evaluator - INFO - Evaluating plan stage BackfillStage (evaluator.py:125)
2026-05-15 10:34:06,493 - ThreadPoolExecutor-2_0 - vulcan.core.snapshot.evaluator - INFO - Listing data objects in schema warehouse.vulcan_example (evaluator.py:1616)
2026-05-15 10:34:06,500 - ThreadPoolExecutor-2_0 - vulcan.core.engine_adapter.base - INFO - Executing SQL: /* VULCAN_PLAN[orders-analytics]: 9cb8042fe4f54ce48af45e836a62fa37 */ SELECT current_catalog (base.py:2758)
2026-05-15 10:34:06,515 - ThreadPoolExecutor-3_0 - vulcan.core.snapshot.evaluator - INFO - Evaluating snapshot SnapshotId<"warehouse"."vulcan_example"."seed_model": 3671483220> (evaluator.py:711)
2026-05-15 10:34:06,519 - ThreadPoolExecutor-3_0 - vulcan.core.snapshot.evaluator - INFO - Creating table '"warehouse"."vulcan_example"."seed_model"' (evaluator.py:2042)
2026-05-15 10:34:06,521 - ThreadPoolExecutor-3_0 - vulcan.core.engine_adapter.base - INFO - Executing SQL: /* VULCAN_PLAN[orders-analytics]: 9cb8042fe4f54ce48af45e836a62fa37 */ CREATE TABLE IF NOT EXISTS "vulcan_example"."seed_model" ("id" INT, "item_id" INT, "event_date" DATE) (base.py:2758)
2026-05-15 10:34:06,527 - ThreadPoolExecutor-3_0 - vulcan.core.engine_adapter.base - INFO - Executing SQL: /* VULCAN_PLAN[orders-analytics]: 9cb8042fe4f54ce48af45e836a62fa37 */ SELECT current_catalog (base.py:2758)
2026-05-15 10:34:06,540 - ThreadPoolExecutor-3_0 - vulcan.core.engine_adapter.base - INFO - Executing SQL: /* VULCAN_PLAN[orders-analytics]: 9cb8042fe4f54ce48af45e836a62fa37 */ DELETE FROM "vulcan_example"."seed_model" WHERE TRUE (base.py:2758)
2026-05-15 10:34:06,542 - ThreadPoolExecutor-3_0 - vulcan.core.engine_adapter.base - INFO - Executing SQL: INSERT INTO "vulcan_example"."seed_model" ("id", "item_id", "event_date") SELECT CAST("id" AS INT) AS "id", CAST("item_id" AS INT) AS "item_id", CAST("event_date" AS DATE) AS "event_date" FROM (VALUES "<REDACTED VALUES>") AS "t"("id", "item_id", "event_date") (base.py:2758)
2026-05-15 10:34:06,550 - ThreadPoolExecutor-3_0 - vulcan.core.state_sync.db.facade - INFO - Adding interval (2025-01-01 00:00:00, 2026-05-15 10:30:00) for snapshot SnapshotId<"warehouse"."vulcan_example"."seed_model": 3671483220> (facade.py:784)
2026-05-15 10:34:06,550 - ThreadPoolExecutor-3_0 - vulcan.core.state_sync.db.interval - INFO - Pushing intervals for snapshot SnapshotId<"warehouse"."vulcan_example"."seed_model": 3671483220> (interval.py:215)
2026-05-15 10:34:06,563 - MainThread - vulcan.core.plan.evaluator - INFO - Evaluating plan stage EnvironmentRecordUpdateStage (evaluator.py:125)
2026-05-15 10:34:06,564 - MainThread - vulcan.core.state_sync.db.facade - INFO - Promoting environment 'prod' (facade.py:188)
2026-05-15 10:34:06,573 - MainThread - vulcan.core.plan.evaluator - INFO - Evaluating plan stage MigrateSchemasStage (evaluator.py:125)
2026-05-15 10:34:06,574 - ThreadPoolExecutor-4_0 - vulcan.core.snapshot.evaluator - INFO - Listing data objects in schema warehouse.vulcan_example (evaluator.py:1616)
2026-05-15 10:34:06,577 - ThreadPoolExecutor-4_0 - vulcan.core.engine_adapter.base - INFO - Executing SQL: /* VULCAN_PLAN[orders-analytics]: 9cb8042fe4f54ce48af45e836a62fa37 */ SELECT current_catalog (base.py:2758)
2026-05-15 10:34:06,585 - MainThread - vulcan.core.plan.evaluator - INFO - Evaluating plan stage UnpauseStage (evaluator.py:125)
2026-05-15 10:34:06,589 - MainThread - vulcan.core.plan.evaluator - INFO - Evaluating plan stage BackfillStage (evaluator.py:125)
2026-05-15 10:34:06,591 - ThreadPoolExecutor-5_0 - vulcan.core.snapshot.evaluator - INFO - Listing data objects in schema warehouse.vulcan_example (evaluator.py:1616)
2026-05-15 10:34:06,593 - ThreadPoolExecutor-6_0 - vulcan.core.snapshot.evaluator - INFO - Creating a physical table for snapshot SnapshotId<"warehouse"."vulcan_example"."incremental_model": 2714750476> (evaluator.py:870)
2026-05-15 10:34:06,603 - ThreadPoolExecutor-6_0 - vulcan.core.snapshot.evaluator - INFO - Creating table '"warehouse"."vulcan_example"."incremental_model"' (evaluator.py:2042)
2026-05-15 10:34:06,603 - ThreadPoolExecutor-6_0 - vulcan.core.engine_adapter.base - INFO - Executing SQL: /* VULCAN_PLAN[orders-analytics]: 9cb8042fe4f54ce48af45e836a62fa37 */ CREATE TABLE IF NOT EXISTS "vulcan_example"."incremental_model" ("id" INT, "item_id" INT, "event_date" DATE) (base.py:2758)
2026-05-15 10:34:06,605 - ThreadPoolExecutor-6_0 - vulcan.core.snapshot.evaluator - INFO - Dry running model 'vulcan_example.incremental_model' (evaluator.py:2064)
2026-05-15 10:34:06,605 - ThreadPoolExecutor-6_0 - vulcan.core.engine_adapter.base - INFO - Executing SQL: /* VULCAN_PLAN[orders-analytics]: 9cb8042fe4f54ce48af45e836a62fa37 */ SELECT "seed_model"."id" AS "id", "seed_model"."item_id" AS "item_id", "seed_model"."event_date" AS "event_date" FROM "warehouse"."vulcan_example"."seed_model" AS "seed_model" WHERE ("seed_model"."event_date" <= CAST('1970-01-01' AS DATE) AND "seed_model"."event_date" >= CAST('1970-01-01' AS DATE)) AND FALSE LIMIT 0 (base.py:2758)
2026-05-15 10:34:06,607 - ThreadPoolExecutor-6_1 - vulcan.core.snapshot.evaluator - INFO - Evaluating snapshot SnapshotId<"warehouse"."vulcan_example"."incremental_model": 2714750476> (evaluator.py:711)
2026-05-15 10:34:06,609 - ThreadPoolExecutor-6_1 - vulcan.core.snapshot.evaluator - INFO - Inserting data for snapshot SnapshotId<"warehouse"."vulcan_example"."incremental_model": 2714750476> (evaluator.py:952)
2026-05-15 10:34:06,615 - ThreadPoolExecutor-6_1 - vulcan.core.snapshot.evaluator - INFO - Inserting batch (2020-01-01 00:00:00, 2026-05-15 00:00:00) into "warehouse"."vulcan_example"."incremental_model"' (evaluator.py:984)
2026-05-15 10:34:06,617 - ThreadPoolExecutor-6_1 - vulcan.core.engine_adapter.base - INFO - Executing SQL: /* VULCAN_PLAN[orders-analytics]: 9cb8042fe4f54ce48af45e836a62fa37 */ DELETE FROM "vulcan_example"."incremental_model" WHERE "event_date" BETWEEN CAST('2020-01-01' AS DATE) AND CAST('2026-05-14' AS DATE) (base.py:2758)
2026-05-15 10:34:06,619 - ThreadPoolExecutor-6_1 - vulcan.core.engine_adapter.base - INFO - Executing SQL: /* VULCAN_PLAN[orders-analytics]: 9cb8042fe4f54ce48af45e836a62fa37 */ INSERT INTO "vulcan_example"."incremental_model" ("id", "item_id", "event_date") SELECT "id", "item_id", "event_date" FROM (SELECT "seed_model"."id" AS "id", "seed_model"."item_id" AS "item_id", "seed_model"."event_date" AS "event_date" FROM "warehouse"."vulcan_example"."seed_model" AS "seed_model" WHERE "seed_model"."event_date" <= CAST('2026-05-14' AS DATE) AND "seed_model"."event_date" >= CAST('2020-01-01' AS DATE)) AS "_subquery" WHERE "event_date" BETWEEN CAST('2020-01-01' AS DATE) AND CAST('2026-05-14' AS DATE) (base.py:2758)
2026-05-15 10:34:06,620 - ThreadPoolExecutor-6_1 - vulcan.core.snapshot.evaluator - INFO - Auditing snapshot SnapshotId<"warehouse"."vulcan_example"."incremental_model": 2714750476> (evaluator.py:603)
2026-05-15 10:34:06,622 - ThreadPoolExecutor-6_1 - vulcan.core.engine_adapter.base - INFO - Executing SQL: /* VULCAN_PLAN[orders-analytics]: 9cb8042fe4f54ce48af45e836a62fa37 */ SELECT "attname" AS "column_name", "pg_catalog".format_type("atttypid", "atttypmod") AS "data_type" FROM "pg_catalog"."pg_attribute" JOIN "pg_catalog"."pg_class" ON "pg_class"."oid" = "attrelid" JOIN "pg_catalog"."pg_namespace" ON "pg_namespace"."oid" = "relnamespace" WHERE ("attnum" > 0 AND NOT "attisdropped" AND "relname" = 'incremental_model') AND "nspname" = 'vulcan_example' (base.py:2758)
2026-05-15 10:34:06,634 - ThreadPoolExecutor-6_1 - vulcan.core.engine_adapter.base - INFO - Executing SQL: /* VULCAN_PLAN[orders-analytics]: 9cb8042fe4f54ce48af45e836a62fa37 */ SELECT COUNT(*) FROM (SELECT * FROM (SELECT * FROM "warehouse"."vulcan_example"."incremental_model" AS "incremental_model" WHERE "event_date" BETWEEN CAST('2020-01-01' AS DATE) AND CAST('2026-05-14' AS DATE)) AS "_q_0" WHERE ("id" IS NULL OR "item_id" IS NULL OR "event_date" IS NULL) AND TRUE) AS "audit" (base.py:2758)
2026-05-15 10:34:06,637 - ThreadPoolExecutor-6_1 - vulcan.core.engine_adapter.base - INFO - Executing SQL: /* VULCAN_PLAN[orders-analytics]: 9cb8042fe4f54ce48af45e836a62fa37 */ SELECT "attname" AS "column_name", "pg_catalog".format_type("atttypid", "atttypmod") AS "data_type" FROM "pg_catalog"."pg_attribute" JOIN "pg_catalog"."pg_class" ON "pg_class"."oid" = "attrelid" JOIN "pg_catalog"."pg_namespace" ON "pg_namespace"."oid" = "relnamespace" WHERE ("attnum" > 0 AND NOT "attisdropped" AND "relname" = 'incremental_model') AND "nspname" = 'vulcan_example' (base.py:2758)
2026-05-15 10:34:06,649 - ThreadPoolExecutor-6_1 - vulcan.core.engine_adapter.base - INFO - Executing SQL: /* VULCAN_PLAN[orders-analytics]: 9cb8042fe4f54ce48af45e836a62fa37 */ SELECT COUNT(*) FROM (SELECT * FROM (SELECT ROW_NUMBER() OVER (PARTITION BY "id" ORDER BY "id" NULLS FIRST) AS "rank_id", ROW_NUMBER() OVER (PARTITION BY "event_date" ORDER BY "event_date" NULLS FIRST) AS "rank_event_date" FROM (SELECT * FROM "warehouse"."vulcan_example"."incremental_model" AS "incremental_model" WHERE "event_date" BETWEEN CAST('2020-01-01' AS DATE) AND CAST('2026-05-14' AS DATE)) AS "_q_0" WHERE TRUE) AS "_q_1" WHERE "rank_id" > 1 OR "rank_event_date" > 1) AS "audit" (base.py:2758)
2026-05-15 10:34:06,654 - ThreadPoolExecutor-6_1 - vulcan.core.state_sync.db.facade - INFO - Adding interval (2020-01-01 00:00:00, 2026-05-15 00:00:00) for snapshot SnapshotId<"warehouse"."vulcan_example"."incremental_model": 2714750476> (facade.py:784)
2026-05-15 10:34:06,654 - ThreadPoolExecutor-6_1 - vulcan.core.state_sync.db.interval - INFO - Pushing intervals for snapshot SnapshotId<"warehouse"."vulcan_example"."incremental_model": 2714750476> (interval.py:215)
2026-05-15 10:34:06,662 - ThreadPoolExecutor-6_1 - vulcan.core.snapshot.evaluator - INFO - Evaluating snapshot SnapshotId<"warehouse"."vulcan_example"."full_model": 1248767289> (evaluator.py:711)
2026-05-15 10:34:06,662 - ThreadPoolExecutor-6_1 - vulcan.core.snapshot.evaluator - INFO - Inserting data for snapshot SnapshotId<"warehouse"."vulcan_example"."full_model": 1248767289> (evaluator.py:952)
2026-05-15 10:34:06,665 - ThreadPoolExecutor-6_1 - vulcan.core.snapshot.evaluator - INFO - Inserting batch (2025-01-01 00:00:00, 2026-05-15 00:00:00) into "warehouse"."vulcan_example"."full_model"' (evaluator.py:984)
2026-05-15 10:34:06,667 - ThreadPoolExecutor-6_1 - vulcan.core.engine_adapter.base - INFO - Executing SQL: /* VULCAN_PLAN[orders-analytics]: 9cb8042fe4f54ce48af45e836a62fa37 */ CREATE TABLE IF NOT EXISTS "vulcan_example"."full_model" AS SELECT CAST("item_id" AS INT) AS "item_id", CAST("num_orders" AS BIGINT) AS "num_orders" FROM (SELECT "incremental_model"."item_id" AS "item_id", COUNT(DISTINCT "incremental_model"."id") AS "num_orders" FROM "warehouse"."vulcan_example"."incremental_model" AS "incremental_model" GROUP BY "incremental_model"."item_id") AS "_subquery" (base.py:2758)
2026-05-15 10:34:06,668 - ThreadPoolExecutor-6_1 - vulcan.core.engine_adapter.base - INFO - Executing SQL: /* VULCAN_PLAN[orders-analytics]: 9cb8042fe4f54ce48af45e836a62fa37 */ COMMENT ON TABLE "vulcan_example"."full_model" IS 'Example full model with aggregated order counts by item' (base.py:2758)
2026-05-15 10:34:06,669 - ThreadPoolExecutor-6_1 - vulcan.core.snapshot.evaluator - INFO - Auditing snapshot SnapshotId<"warehouse"."vulcan_example"."full_model": 1248767289> (evaluator.py:603)
2026-05-15 10:34:06,672 - ThreadPoolExecutor-6_1 - vulcan.core.engine_adapter.base - INFO - Executing SQL: /* VULCAN_PLAN[orders-analytics]: 9cb8042fe4f54ce48af45e836a62fa37 */ SELECT "attname" AS "column_name", "pg_catalog".format_type("atttypid", "atttypmod") AS "data_type" FROM "pg_catalog"."pg_attribute" JOIN "pg_catalog"."pg_class" ON "pg_class"."oid" = "attrelid" JOIN "pg_catalog"."pg_namespace" ON "pg_namespace"."oid" = "relnamespace" WHERE ("attnum" > 0 AND NOT "attisdropped" AND "relname" = 'full_model') AND "nspname" = 'vulcan_example' (base.py:2758)
2026-05-15 10:34:06,679 - ThreadPoolExecutor-6_1 - vulcan.core.engine_adapter.base - INFO - Executing SQL: /* VULCAN_PLAN[orders-analytics]: 9cb8042fe4f54ce48af45e836a62fa37 */ SELECT COUNT(*) FROM (SELECT * FROM "warehouse"."vulcan_example"."full_model" AS "full_model" WHERE "item_id" IS NULL AND TRUE) AS "audit" (base.py:2758)
2026-05-15 10:34:06,683 - ThreadPoolExecutor-6_1 - vulcan.core.engine_adapter.base - INFO - Executing SQL: /* VULCAN_PLAN[orders-analytics]: 9cb8042fe4f54ce48af45e836a62fa37 */ SELECT "attname" AS "column_name", "pg_catalog".format_type("atttypid", "atttypmod") AS "data_type" FROM "pg_catalog"."pg_attribute" JOIN "pg_catalog"."pg_class" ON "pg_class"."oid" = "attrelid" JOIN "pg_catalog"."pg_namespace" ON "pg_namespace"."oid" = "relnamespace" WHERE ("attnum" > 0 AND NOT "attisdropped" AND "relname" = 'full_model') AND "nspname" = 'vulcan_example' (base.py:2758)
2026-05-15 10:34:06,690 - ThreadPoolExecutor-6_1 - vulcan.core.engine_adapter.base - INFO - Executing SQL: /* VULCAN_PLAN[orders-analytics]: 9cb8042fe4f54ce48af45e836a62fa37 */ SELECT COUNT(*) FROM (SELECT * FROM "warehouse"."vulcan_example"."full_model" AS "full_model" WHERE NOT ("item_id" > 0) AND TRUE) AS "audit" (base.py:2758)
2026-05-15 10:34:06,694 - ThreadPoolExecutor-6_1 - vulcan.core.state_sync.db.facade - INFO - Adding interval (2025-01-01 00:00:00, 2026-05-15 00:00:00) for snapshot SnapshotId<"warehouse"."vulcan_example"."full_model": 1248767289> (facade.py:784)
2026-05-15 10:34:06,694 - ThreadPoolExecutor-6_1 - vulcan.core.state_sync.db.interval - INFO - Pushing intervals for snapshot SnapshotId<"warehouse"."vulcan_example"."full_model": 1248767289> (interval.py:215)
2026-05-15 10:34:06,704 - MainThread - vulcan.core.plan.evaluator - INFO - Evaluating plan stage FinalizeEnvironmentStage (evaluator.py:125)
2026-05-15 10:34:06,707 - MainThread - vulcan.core.state_sync.db.environment - INFO - Finalizing environment 'prod' (environment.py:141)
2026-05-15 10:34:06,804 - MainThread - vulcan.core.state_sync.db.activity - INFO - Expiring query fingerprint entries for 3 model(s): ['vulcan_example.seed_model', 'vulcan_example.incremental_model', 'vulcan_example.full_model'] (run_id=043dee8df648412087105216b919996d) (activity.py:365)
2026-05-15 10:34:06,807 - MainThread - vulcan.core.state_sync.db.activity - INFO - Expired 0 query fingerprint entries  (run_id=043dee8df648412087105216b919996d) (activity.py:428)
2026-05-15 10:34:06,807 - MainThread - vulcan.core.context - INFO - Recorded run activity for 3 models (context.py:2241)
2026-05-15 10:34:06,845 - MainThread - vulcan.core.check.executor - INFO - Running quality scans in 1 batch(es): {('warehouse', 'vulcan_example')} (executor.py:532)
2026-05-15 10:34:06,845 - MainThread - vulcan.core.check.executor - INFO - Running quality batch 1/1 for warehouse.vulcan_example (2 check suites, 0 profile models) (executor.py:551)
2026-05-15 10:34:06,880 - MainThread - vulcan.core.check.soda_statesync - INFO - Extracted 1 failed row sample(s) from scan context (soda_statesync.py:160)
2026-05-15 10:34:06,903 - MainThread - vulcan.core.state_sync.db.quality - INFO - Stored check scan 018dc46b-baef-492e-8d0b-26b50801c0c4, run 043dee8df648412087105216b919996d: 3 checks, 3 metrics, 0 profile metrics (quality.py:241)
